<?xml version="1.0" encoding="UTF-8"?>
<testsuite name="com.atipera.githubproxy.GithubProxyApplicationTests" tests="2" skipped="0" failures="0" errors="0" timestamp="2026-05-28T16:33:51.828Z" hostname="DESKTOP-H4JAGMM" time="2.953">
  <properties/>
  <testcase name="shouldReturn404WhenUserDoesNotExist()" classname="com.atipera.githubproxy.GithubProxyApplicationTests" time="0.853"/>
  <testcase name="shouldReturnOnlyNonForkRepositoriesWithBranches()" classname="com.atipera.githubproxy.GithubProxyApplicationTests" time="0.043"/>
  <system-out><![CDATA[18:33:51.961 [Test worker] INFO org.springframework.test.context.support.AnnotationConfigContextLoaderUtils -- Could not detect default configuration classes for test class [com.atipera.githubproxy.GithubProxyApplicationTests]: GithubProxyApplicationTests does not declare any static, non-private, non-final, nested classes annotated with @Configuration.
18:33:52.075 [Test worker] INFO org.springframework.boot.test.context.SpringBootTestContextBootstrapper -- Found @SpringBootConfiguration com.atipera.githubproxy.Application for test class com.atipera.githubproxy.GithubProxyApplicationTests
18:33:52.145 [Test worker] INFO org.springframework.test.context.support.AnnotationConfigContextLoaderUtils -- Could not detect default configuration classes for test class [com.atipera.githubproxy.GithubProxyApplicationTests]: GithubProxyApplicationTests does not declare any static, non-private, non-final, nested classes annotated with @Configuration.
18:33:52.146 [Test worker] INFO org.springframework.boot.test.context.SpringBootTestContextBootstrapper -- Found @SpringBootConfiguration com.atipera.githubproxy.Application for test class com.atipera.githubproxy.GithubProxyApplicationTests

  .   ____          _            __ _ _
 /\\ / ___'_ __ _ _(_)_ __  __ _ \ \ \ \
( ( )\___ | '_ | '_| | '_ \/ _` | \ \ \ \
 \\/  ___)| |_)| | | | | || (_| |  ) ) ) )
  '  |____| .__|_| |_|_| |_\__, | / / / /
 =========|_|==============|___/=/_/_/_/

 :: Spring Boot ::                (v4.0.6)

2026-05-28T18:33:52.964+02:00  INFO 22092 --- [github-proxy] [    Test worker] c.a.g.GithubProxyApplicationTests        : Starting GithubProxyApplicationTests using Java 25.0.3 with PID 22092 (started by Adrian in C:\Users\Adrian\atipera-github-proxy)
2026-05-28T18:33:52.965+02:00  INFO 22092 --- [github-proxy] [    Test worker] c.a.g.GithubProxyApplicationTests        : No active profile set, falling back to 1 default profile: "default"
2026-05-28T18:33:53.521+02:00  INFO 22092 --- [github-proxy] [    Test worker] o.s.boot.tomcat.TomcatWebServer          : Tomcat initialized with port 0 (http)
2026-05-28T18:33:53.532+02:00  INFO 22092 --- [github-proxy] [    Test worker] o.apache.catalina.core.StandardService   : Starting service [Tomcat]
2026-05-28T18:33:53.533+02:00  INFO 22092 --- [github-proxy] [    Test worker] o.apache.catalina.core.StandardEngine    : Starting Servlet engine: [Apache Tomcat/11.0.21]
2026-05-28T18:33:53.570+02:00  INFO 22092 --- [github-proxy] [    Test worker] b.w.c.s.WebApplicationContextInitializer : Root WebApplicationContext: initialization completed in 575 ms
2026-05-28T18:33:53.873+02:00  INFO 22092 --- [github-proxy] [    Test worker] o.s.boot.tomcat.TomcatWebServer          : Tomcat started on port 53875 (http) with context path '/'
2026-05-28T18:33:53.877+02:00  INFO 22092 --- [github-proxy] [    Test worker] c.a.g.GithubProxyApplicationTests        : Started GithubProxyApplicationTests in 1.115 seconds (process running for 2.732)
2026-05-28T18:33:54.411+02:00  INFO 22092 --- [github-proxy] [o-auto-1-exec-1] o.a.c.c.C.[Tomcat].[localhost].[/]       : Initializing Spring DispatcherServlet 'dispatcherServlet'
2026-05-28T18:33:54.411+02:00  INFO 22092 --- [github-proxy] [o-auto-1-exec-1] o.s.web.servlet.DispatcherServlet        : Initializing Servlet 'dispatcherServlet'
2026-05-28T18:33:54.412+02:00  INFO 22092 --- [github-proxy] [o-auto-1-exec-1] o.s.web.servlet.DispatcherServlet        : Completed initialization in 1 ms
]]></system-out>
  <system-err><![CDATA[Mockito is currently self-attaching to enable the inline-mock-maker. This will no longer work in future releases of the JDK. Please add Mockito as an agent to your build as described in Mockito's documentation: https://javadoc.io/doc/org.mockito/mockito-core/latest/org.mockito/org/mockito/Mockito.html#0.3
WARNING: A Java agent has been loaded dynamically (C:\Users\Adrian\.gradle\caches\modules-2\files-2.1\net.bytebuddy\byte-buddy-agent\1.17.8\f09415827a71be7ed621c7bd02550678f28bc81c\byte-buddy-agent-1.17.8.jar)
WARNING: If a serviceability tool is in use, please run with -XX:+EnableDynamicAgentLoading to hide this warning
WARNING: If a serviceability tool is not in use, please run with -Djdk.instrument.traceUsage for more information
WARNING: Dynamic loading of agents will be disallowed by default in a future release
]]></system-err>
</testsuite>
